2021-04-29 20:10:20.053  INFO 19900 --- [restartedMain] xyz.hshuai.forum.CommunityApplication    : Starting CommunityApplication on Zhsaptop with PID 19900 (started by Lenovo in D:\AZHS\毕设\HSchool\HS-community)
2021-04-29 20:10:20.064  INFO 19900 --- [restartedMain] xyz.hshuai.forum.CommunityApplication    : No active profile set, falling back to default profiles: default
2021-04-29 20:10:20.369  INFO 19900 --- [restartedMain] .e.DevToolsPropertyDefaultsPostProcessor : Devtools property defaults active! Set 'spring.devtools.add-properties' to 'false' to disable
2021-04-29 20:10:20.370  INFO 19900 --- [restartedMain] .e.DevToolsPropertyDefaultsPostProcessor : For additional web related logging consider setting the 'logging.level.web' property to 'DEBUG'
2021-04-29 20:10:23.453  INFO 19900 --- [restartedMain] trationDelegate$BeanPostProcessorChecker : Bean 'org.springframework.transaction.annotation.ProxyTransactionManagementConfiguration' of type [org.springframework.transaction.annotation.ProxyTransactionManagementConfiguration$$EnhancerBySpringCGLIB$$a92a7e6d] is not eligible for getting processed by all BeanPostProcessors (for example: not eligible for auto-proxying)
2021-04-29 20:10:25.067  INFO 19900 --- [restartedMain] o.s.b.w.embedded.tomcat.TomcatWebServer  : Tomcat initialized with port(s): 80 (http)
2021-04-29 20:10:25.104  INFO 19900 --- [restartedMain] o.apache.catalina.core.StandardService   : Starting service [Tomcat]
2021-04-29 20:10:25.104  INFO 19900 --- [restartedMain] org.apache.catalina.core.StandardEngine  : Starting Servlet engine: [Apache Tomcat/9.0.21]
2021-04-29 20:10:25.305  INFO 19900 --- [restartedMain] o.a.c.c.C.[Tomcat].[localhost].[/]       : Initializing Spring embedded WebApplicationContext
2021-04-29 20:10:25.306  INFO 19900 --- [restartedMain] o.s.web.context.ContextLoader            : Root WebApplicationContext: initialization completed in 4935 ms
2021-04-29 20:10:28.721  INFO 19900 --- [restartedMain] pertySourcedRequestMappingHandlerMapping : Mapped URL path [/v2/api-docs] onto method [public org.springframework.http.ResponseEntity<springfox.documentation.spring.web.json.Json> springfox.documentation.swagger2.web.Swagger2Controller.getDocumentation(java.lang.String,javax.servlet.http.HttpServletRequest)]
2021-04-29 20:10:28.938  INFO 19900 --- [restartedMain] o.s.s.concurrent.ThreadPoolTaskExecutor  : Initializing ExecutorService 'applicationTaskExecutor'
2021-04-29 20:10:29.006  INFO 19900 --- [restartedMain] o.s.b.d.a.OptionalLiveReloadServer       : LiveReload server is running on port 35729
2021-04-29 20:10:29.289  INFO 19900 --- [restartedMain] o.s.b.a.w.s.WelcomePageHandlerMapping    : Adding welcome page template: index
2021-04-29 20:10:29.437  INFO 19900 --- [restartedMain] o.s.s.c.ThreadPoolTaskScheduler          : Initializing ExecutorService 'taskScheduler'
2021-04-29 20:10:29.687  INFO 19900 --- [restartedMain] d.s.w.p.DocumentationPluginsBootstrapper : Context refreshed
2021-04-29 20:10:29.710  INFO 19900 --- [restartedMain] d.s.w.p.DocumentationPluginsBootstrapper : Found 1 custom documentation plugin(s)
2021-04-29 20:10:29.999  INFO 19900 --- [restartedMain] s.d.s.w.s.ApiListingReferenceScanner     : Scanning for api listing references
2021-04-29 20:10:30.209  INFO 19900 --- [restartedMain] .d.s.w.r.o.CachingOperationNameGenerator : Generating unique operation named: insertUsingPOST_1
2021-04-29 20:10:30.220  INFO 19900 --- [restartedMain] .d.s.w.r.o.CachingOperationNameGenerator : Generating unique operation named: commentListUsingGET_1
2021-04-29 20:10:30.228  INFO 19900 --- [restartedMain] .d.s.w.r.o.CachingOperationNameGenerator : Generating unique operation named: insertUsingPOST_2
2021-04-29 20:10:30.236  INFO 19900 --- [restartedMain] .d.s.w.r.o.CachingOperationNameGenerator : Generating unique operation named: commentListUsingGET_2
2021-04-29 20:10:30.256  INFO 19900 --- [scheduling-1] xyz.hshuai.forum.schedule.HotTagTasks    : hotTagSchedule start Thu Apr 29 20:10:30 CST 2021
2021-04-29 20:10:30.329  INFO 19900 --- [restartedMain] o.s.b.w.embedded.tomcat.TomcatWebServer  : Tomcat started on port(s): 80 (http) with context path ''
2021-04-29 20:10:30.334  INFO 19900 --- [restartedMain] xyz.hshuai.forum.CommunityApplication    : Started CommunityApplication in 12.028 seconds (JVM running for 14.632)
2021-04-29 20:10:30.339  WARN 19900 --- [scheduling-1] com.zaxxer.hikari.HikariConfig           : HikariPool-1 - idleTimeout is close to or more than maxLifetime, disabling it.
2021-04-29 20:10:30.339  INFO 19900 --- [scheduling-1] com.zaxxer.hikari.HikariDataSource       : HikariPool-1 - Starting...
2021-04-29 20:10:30.532  INFO 19900 --- [http-nio-80-exec-1] o.a.c.c.C.[Tomcat].[localhost].[/]       : Initializing Spring DispatcherServlet 'dispatcherServlet'
2021-04-29 20:10:30.532  INFO 19900 --- [http-nio-80-exec-1] o.s.web.servlet.DispatcherServlet        : Initializing Servlet 'dispatcherServlet'
2021-04-29 20:10:30.542  INFO 19900 --- [http-nio-80-exec-1] o.s.web.servlet.DispatcherServlet        : Completed initialization in 10 ms
2021-04-29 20:10:30.818  INFO 19900 --- [scheduling-1] com.zaxxer.hikari.HikariDataSource       : HikariPool-1 - Start completed.
2021-04-29 20:10:30.919  INFO 19900 --- [scheduling-1] xyz.hshuai.forum.schedule.HotTagTasks    : hotTagSchedule stop Thu Apr 29 20:10:30 CST 2021
2021-04-29 20:10:30.920  INFO 19900 --- [scheduling-1] x.hshuai.forum.schedule.LoginUserTasks   : loginUserSchedule start Thu Apr 29 20:10:30 CST 2021
2021-04-29 20:10:30.958  INFO 19900 --- [scheduling-1] x.hshuai.forum.schedule.LoginUserTasks   : loginUserSchedule stop Thu Apr 29 20:10:30 CST 2021
2021-04-29 21:19:45.974  INFO 25944 --- [restartedMain] xyz.hshuai.forum.CommunityApplication    : Starting CommunityApplication on Zhsaptop with PID 25944 (started by Lenovo in D:\AZHS\毕设\HSchool\HS-community)
2021-04-29 21:19:46.038  INFO 25944 --- [restartedMain] xyz.hshuai.forum.CommunityApplication    : No active profile set, falling back to default profiles: default
2021-04-29 21:19:46.379  INFO 25944 --- [restartedMain] .e.DevToolsPropertyDefaultsPostProcessor : Devtools property defaults active! Set 'spring.devtools.add-properties' to 'false' to disable
2021-04-29 21:19:46.380  INFO 25944 --- [restartedMain] .e.DevToolsPropertyDefaultsPostProcessor : For additional web related logging consider setting the 'logging.level.web' property to 'DEBUG'
2021-04-29 21:19:54.036  INFO 25944 --- [restartedMain] trationDelegate$BeanPostProcessorChecker : Bean 'org.springframework.transaction.annotation.ProxyTransactionManagementConfiguration' of type [org.springframework.transaction.annotation.ProxyTransactionManagementConfiguration$$EnhancerBySpringCGLIB$$3610a047] is not eligible for getting processed by all BeanPostProcessors (for example: not eligible for auto-proxying)
2021-04-29 21:19:55.166  INFO 25944 --- [restartedMain] o.s.b.w.embedded.tomcat.TomcatWebServer  : Tomcat initialized with port(s): 80 (http)
2021-04-29 21:19:55.228  INFO 25944 --- [restartedMain] o.apache.catalina.core.StandardService   : Starting service [Tomcat]
2021-04-29 21:19:55.229  INFO 25944 --- [restartedMain] org.apache.catalina.core.StandardEngine  : Starting Servlet engine: [Apache Tomcat/9.0.21]
2021-04-29 21:19:55.572  INFO 25944 --- [restartedMain] o.a.c.c.C.[Tomcat].[localhost].[/]       : Initializing Spring embedded WebApplicationContext
2021-04-29 21:19:55.572  INFO 25944 --- [restartedMain] o.s.web.context.ContextLoader            : Root WebApplicationContext: initialization completed in 9192 ms
2021-04-29 21:19:58.042  INFO 25944 --- [restartedMain] pertySourcedRequestMappingHandlerMapping : Mapped URL path [/v2/api-docs] onto method [public org.springframework.http.ResponseEntity<springfox.documentation.spring.web.json.Json> springfox.documentation.swagger2.web.Swagger2Controller.getDocumentation(java.lang.String,javax.servlet.http.HttpServletRequest)]
2021-04-29 21:19:58.339  INFO 25944 --- [restartedMain] o.s.s.concurrent.ThreadPoolTaskExecutor  : Initializing ExecutorService 'applicationTaskExecutor'
2021-04-29 21:19:58.449  INFO 25944 --- [restartedMain] o.s.b.d.a.OptionalLiveReloadServer       : LiveReload server is running on port 35729
2021-04-29 21:19:58.680  INFO 25944 --- [restartedMain] o.s.b.a.w.s.WelcomePageHandlerMapping    : Adding welcome page template: index
2021-04-29 21:19:58.812  INFO 25944 --- [restartedMain] o.s.s.c.ThreadPoolTaskScheduler          : Initializing ExecutorService 'taskScheduler'
2021-04-29 21:19:59.124  INFO 25944 --- [restartedMain] d.s.w.p.DocumentationPluginsBootstrapper : Context refreshed
2021-04-29 21:19:59.155  INFO 25944 --- [restartedMain] d.s.w.p.DocumentationPluginsBootstrapper : Found 1 custom documentation plugin(s)
2021-04-29 21:19:59.266  INFO 25944 --- [restartedMain] s.d.s.w.s.ApiListingReferenceScanner     : Scanning for api listing references
2021-04-29 21:19:59.626  INFO 25944 --- [restartedMain] .d.s.w.r.o.CachingOperationNameGenerator : Generating unique operation named: insertUsingPOST_1
2021-04-29 21:19:59.640  INFO 25944 --- [restartedMain] .d.s.w.r.o.CachingOperationNameGenerator : Generating unique operation named: commentListUsingGET_1
2021-04-29 21:19:59.650  INFO 25944 --- [restartedMain] .d.s.w.r.o.CachingOperationNameGenerator : Generating unique operation named: insertUsingPOST_2
2021-04-29 21:19:59.668  INFO 25944 --- [restartedMain] .d.s.w.r.o.CachingOperationNameGenerator : Generating unique operation named: commentListUsingGET_2
2021-04-29 21:19:59.836  INFO 25944 --- [scheduling-1] xyz.hshuai.forum.schedule.HotTagTasks    : hotTagSchedule start Thu Apr 29 21:19:59 CST 2021
2021-04-29 21:19:59.972  INFO 25944 --- [restartedMain] o.s.b.w.embedded.tomcat.TomcatWebServer  : Tomcat started on port(s): 80 (http) with context path ''
2021-04-29 21:19:59.989  INFO 25944 --- [restartedMain] xyz.hshuai.forum.CommunityApplication    : Started CommunityApplication in 15.837 seconds (JVM running for 20.575)
2021-04-29 21:20:00.078  WARN 25944 --- [scheduling-1] com.zaxxer.hikari.HikariConfig           : HikariPool-1 - idleTimeout is close to or more than maxLifetime, disabling it.
2021-04-29 21:20:00.080  INFO 25944 --- [scheduling-1] com.zaxxer.hikari.HikariDataSource       : HikariPool-1 - Starting...
2021-04-29 21:20:00.119  INFO 25944 --- [http-nio-80-exec-9] o.a.c.c.C.[Tomcat].[localhost].[/]       : Initializing Spring DispatcherServlet 'dispatcherServlet'
2021-04-29 21:20:00.121  INFO 25944 --- [http-nio-80-exec-9] o.s.web.servlet.DispatcherServlet        : Initializing Servlet 'dispatcherServlet'
2021-04-29 21:20:00.139  INFO 25944 --- [http-nio-80-exec-9] o.s.web.servlet.DispatcherServlet        : Completed initialization in 17 ms
2021-04-29 21:20:00.717  INFO 25944 --- [scheduling-1] com.zaxxer.hikari.HikariDataSource       : HikariPool-1 - Start completed.
2021-04-29 21:20:00.819  INFO 25944 --- [scheduling-1] xyz.hshuai.forum.schedule.HotTagTasks    : hotTagSchedule stop Thu Apr 29 21:20:00 CST 2021
2021-04-29 21:20:00.819  INFO 25944 --- [scheduling-1] x.hshuai.forum.schedule.LoginUserTasks   : loginUserSchedule start Thu Apr 29 21:20:00 CST 2021
2021-04-29 21:20:00.865  INFO 25944 --- [scheduling-1] x.hshuai.forum.schedule.LoginUserTasks   : loginUserSchedule stop Thu Apr 29 21:20:00 CST 2021
2021-04-29 21:24:10.949  INFO 13184 --- [restartedMain] xyz.hshuai.forum.CommunityApplication    : Starting CommunityApplication on Zhsaptop with PID 13184 (started by Lenovo in D:\AZHS\毕设\HSchool\HS-community)
2021-04-29 21:24:10.952  INFO 13184 --- [restartedMain] xyz.hshuai.forum.CommunityApplication    : No active profile set, falling back to default profiles: default
2021-04-29 21:24:11.038  INFO 13184 --- [restartedMain] .e.DevToolsPropertyDefaultsPostProcessor : Devtools property defaults active! Set 'spring.devtools.add-properties' to 'false' to disable
2021-04-29 21:24:11.039  INFO 13184 --- [restartedMain] .e.DevToolsPropertyDefaultsPostProcessor : For additional web related logging consider setting the 'logging.level.web' property to 'DEBUG'
2021-04-29 21:24:16.144  INFO 13184 --- [restartedMain] trationDelegate$BeanPostProcessorChecker : Bean 'org.springframework.transaction.annotation.ProxyTransactionManagementConfiguration' of type [org.springframework.transaction.annotation.ProxyTransactionManagementConfiguration$$EnhancerBySpringCGLIB$$10257a59] is not eligible for getting processed by all BeanPostProcessors (for example: not eligible for auto-proxying)
2021-04-29 21:24:16.695  INFO 13184 --- [restartedMain] o.s.b.w.embedded.tomcat.TomcatWebServer  : Tomcat initialized with port(s): 80 (http)
2021-04-29 21:24:16.721  INFO 13184 --- [restartedMain] o.apache.catalina.core.StandardService   : Starting service [Tomcat]
2021-04-29 21:24:16.721  INFO 13184 --- [restartedMain] org.apache.catalina.core.StandardEngine  : Starting Servlet engine: [Apache Tomcat/9.0.21]
2021-04-29 21:24:16.858  INFO 13184 --- [restartedMain] o.a.c.c.C.[Tomcat].[localhost].[/]       : Initializing Spring embedded WebApplicationContext
2021-04-29 21:24:16.859  INFO 13184 --- [restartedMain] o.s.web.context.ContextLoader            : Root WebApplicationContext: initialization completed in 5819 ms
2021-04-29 21:24:18.317  INFO 13184 --- [restartedMain] pertySourcedRequestMappingHandlerMapping : Mapped URL path [/v2/api-docs] onto method [public org.springframework.http.ResponseEntity<springfox.documentation.spring.web.json.Json> springfox.documentation.swagger2.web.Swagger2Controller.getDocumentation(java.lang.String,javax.servlet.http.HttpServletRequest)]
2021-04-29 21:24:18.446  INFO 13184 --- [restartedMain] o.s.s.concurrent.ThreadPoolTaskExecutor  : Initializing ExecutorService 'applicationTaskExecutor'
2021-04-29 21:24:18.501  INFO 13184 --- [restartedMain] o.s.b.d.a.OptionalLiveReloadServer       : LiveReload server is running on port 35729
2021-04-29 21:24:18.627  INFO 13184 --- [restartedMain] o.s.b.a.w.s.WelcomePageHandlerMapping    : Adding welcome page template: index
2021-04-29 21:24:18.710  INFO 13184 --- [restartedMain] o.s.s.c.ThreadPoolTaskScheduler          : Initializing ExecutorService 'taskScheduler'
2021-04-29 21:24:18.943  INFO 13184 --- [restartedMain] d.s.w.p.DocumentationPluginsBootstrapper : Context refreshed
2021-04-29 21:24:18.965  INFO 13184 --- [restartedMain] d.s.w.p.DocumentationPluginsBootstrapper : Found 1 custom documentation plugin(s)
2021-04-29 21:24:19.010  INFO 13184 --- [restartedMain] s.d.s.w.s.ApiListingReferenceScanner     : Scanning for api listing references
2021-04-29 21:24:19.204  INFO 13184 --- [restartedMain] .d.s.w.r.o.CachingOperationNameGenerator : Generating unique operation named: insertUsingPOST_1
2021-04-29 21:24:19.215  INFO 13184 --- [restartedMain] .d.s.w.r.o.CachingOperationNameGenerator : Generating unique operation named: commentListUsingGET_1
2021-04-29 21:24:19.222  INFO 13184 --- [restartedMain] .d.s.w.r.o.CachingOperationNameGenerator : Generating unique operation named: insertUsingPOST_2
2021-04-29 21:24:19.233  INFO 13184 --- [restartedMain] .d.s.w.r.o.CachingOperationNameGenerator : Generating unique operation named: commentListUsingGET_2
2021-04-29 21:24:19.253  INFO 13184 --- [scheduling-1] xyz.hshuai.forum.schedule.HotTagTasks    : hotTagSchedule start Thu Apr 29 21:24:19 CST 2021
2021-04-29 21:24:19.286  INFO 13184 --- [restartedMain] o.s.b.w.embedded.tomcat.TomcatWebServer  : Tomcat started on port(s): 80 (http) with context path ''
2021-04-29 21:24:19.294  INFO 13184 --- [restartedMain] xyz.hshuai.forum.CommunityApplication    : Started CommunityApplication in 9.099 seconds (JVM running for 10.775)
2021-04-29 21:24:19.302  WARN 13184 --- [scheduling-1] com.zaxxer.hikari.HikariConfig           : HikariPool-1 - idleTimeout is close to or more than maxLifetime, disabling it.
2021-04-29 21:24:19.303  INFO 13184 --- [scheduling-1] com.zaxxer.hikari.HikariDataSource       : HikariPool-1 - Starting...
2021-04-29 21:24:19.717  INFO 13184 --- [scheduling-1] com.zaxxer.hikari.HikariDataSource       : HikariPool-1 - Start completed.
2021-04-29 21:24:19.795  INFO 13184 --- [scheduling-1] xyz.hshuai.forum.schedule.HotTagTasks    : hotTagSchedule stop Thu Apr 29 21:24:19 CST 2021
2021-04-29 21:24:19.795  INFO 13184 --- [scheduling-1] x.hshuai.forum.schedule.LoginUserTasks   : loginUserSchedule start Thu Apr 29 21:24:19 CST 2021
2021-04-29 21:24:19.821  INFO 13184 --- [scheduling-1] x.hshuai.forum.schedule.LoginUserTasks   : loginUserSchedule stop Thu Apr 29 21:24:19 CST 2021
2021-04-29 21:25:24.731  INFO 13184 --- [http-nio-80-exec-1] o.a.c.c.C.[Tomcat].[localhost].[/]       : Initializing Spring DispatcherServlet 'dispatcherServlet'
2021-04-29 21:25:24.731  INFO 13184 --- [http-nio-80-exec-1] o.s.web.servlet.DispatcherServlet        : Initializing Servlet 'dispatcherServlet'
2021-04-29 21:25:24.742  INFO 13184 --- [http-nio-80-exec-1] o.s.web.servlet.DispatcherServlet        : Completed initialization in 10 ms
2021-04-29 21:34:19.262  INFO 13184 --- [scheduling-1] x.hshuai.forum.schedule.LoginUserTasks   : loginUserSchedule start Thu Apr 29 21:34:19 CST 2021
2021-04-29 21:34:19.310  INFO 13184 --- [scheduling-1] x.hshuai.forum.schedule.LoginUserTasks   : loginUserSchedule stop Thu Apr 29 21:34:19 CST 2021
2021-04-29 21:37:52.007  INFO 21432 --- [restartedMain] xyz.hshuai.forum.CommunityApplication    : Starting CommunityApplication on Zhsaptop with PID 21432 (started by Lenovo in D:\AZHS\毕设\HSchool\HS-community)
2021-04-29 21:37:52.011  INFO 21432 --- [restartedMain] xyz.hshuai.forum.CommunityApplication    : No active profile set, falling back to default profiles: default
2021-04-29 21:37:52.072  INFO 21432 --- [restartedMain] .e.DevToolsPropertyDefaultsPostProcessor : Devtools property defaults active! Set 'spring.devtools.add-properties' to 'false' to disable
2021-04-29 21:37:52.072  INFO 21432 --- [restartedMain] .e.DevToolsPropertyDefaultsPostProcessor : For additional web related logging consider setting the 'logging.level.web' property to 'DEBUG'
2021-04-29 21:37:54.809  INFO 21432 --- [restartedMain] trationDelegate$BeanPostProcessorChecker : Bean 'org.springframework.transaction.annotation.ProxyTransactionManagementConfiguration' of type [org.springframework.transaction.annotation.ProxyTransactionManagementConfiguration$$EnhancerBySpringCGLIB$$ac86dc98] is not eligible for getting processed by all BeanPostProcessors (for example: not eligible for auto-proxying)
2021-04-29 21:37:55.304  INFO 21432 --- [restartedMain] o.s.b.w.embedded.tomcat.TomcatWebServer  : Tomcat initialized with port(s): 80 (http)
2021-04-29 21:37:55.329  INFO 21432 --- [restartedMain] o.apache.catalina.core.StandardService   : Starting service [Tomcat]
2021-04-29 21:37:55.330  INFO 21432 --- [restartedMain] org.apache.catalina.core.StandardEngine  : Starting Servlet engine: [Apache Tomcat/9.0.21]
2021-04-29 21:37:55.468  INFO 21432 --- [restartedMain] o.a.c.c.C.[Tomcat].[localhost].[/]       : Initializing Spring embedded WebApplicationContext
2021-04-29 21:37:55.469  INFO 21432 --- [restartedMain] o.s.web.context.ContextLoader            : Root WebApplicationContext: initialization completed in 3396 ms
2021-04-29 21:37:57.176  INFO 21432 --- [restartedMain] pertySourcedRequestMappingHandlerMapping : Mapped URL path [/v2/api-docs] onto method [public org.springframework.http.ResponseEntity<springfox.documentation.spring.web.json.Json> springfox.documentation.swagger2.web.Swagger2Controller.getDocumentation(java.lang.String,javax.servlet.http.HttpServletRequest)]
2021-04-29 21:37:57.296  INFO 21432 --- [restartedMain] o.s.s.concurrent.ThreadPoolTaskExecutor  : Initializing ExecutorService 'applicationTaskExecutor'
2021-04-29 21:37:57.346  INFO 21432 --- [restartedMain] o.s.b.d.a.OptionalLiveReloadServer       : LiveReload server is running on port 35729
2021-04-29 21:37:57.457  INFO 21432 --- [restartedMain] o.s.b.a.w.s.WelcomePageHandlerMapping    : Adding welcome page template: index
2021-04-29 21:37:57.537  INFO 21432 --- [restartedMain] o.s.s.c.ThreadPoolTaskScheduler          : Initializing ExecutorService 'taskScheduler'
2021-04-29 21:37:57.765  INFO 21432 --- [restartedMain] d.s.w.p.DocumentationPluginsBootstrapper : Context refreshed
2021-04-29 21:37:57.787  INFO 21432 --- [restartedMain] d.s.w.p.DocumentationPluginsBootstrapper : Found 1 custom documentation plugin(s)
2021-04-29 21:37:57.841  INFO 21432 --- [restartedMain] s.d.s.w.s.ApiListingReferenceScanner     : Scanning for api listing references
2021-04-29 21:37:58.123  INFO 21432 --- [restartedMain] .d.s.w.r.o.CachingOperationNameGenerator : Generating unique operation named: insertUsingPOST_1
2021-04-29 21:37:58.133  INFO 21432 --- [restartedMain] .d.s.w.r.o.CachingOperationNameGenerator : Generating unique operation named: commentListUsingGET_1
2021-04-29 21:37:58.139  INFO 21432 --- [restartedMain] .d.s.w.r.o.CachingOperationNameGenerator : Generating unique operation named: insertUsingPOST_2
2021-04-29 21:37:58.149  INFO 21432 --- [restartedMain] .d.s.w.r.o.CachingOperationNameGenerator : Generating unique operation named: commentListUsingGET_2
2021-04-29 21:37:58.178  INFO 21432 --- [scheduling-1] xyz.hshuai.forum.schedule.HotTagTasks    : hotTagSchedule start Thu Apr 29 21:37:58 CST 2021
2021-04-29 21:37:58.374  INFO 21432 --- [restartedMain] o.s.b.w.embedded.tomcat.TomcatWebServer  : Tomcat started on port(s): 80 (http) with context path ''
2021-04-29 21:37:58.421  INFO 21432 --- [restartedMain] xyz.hshuai.forum.CommunityApplication    : Started CommunityApplication in 6.979 seconds (JVM running for 8.67)
2021-04-29 21:37:58.447  WARN 21432 --- [scheduling-1] com.zaxxer.hikari.HikariConfig           : HikariPool-1 - idleTimeout is close to or more than maxLifetime, disabling it.
2021-04-29 21:37:58.447  INFO 21432 --- [scheduling-1] com.zaxxer.hikari.HikariDataSource       : HikariPool-1 - Starting...
2021-04-29 21:37:58.863  INFO 21432 --- [scheduling-1] com.zaxxer.hikari.HikariDataSource       : HikariPool-1 - Start completed.
2021-04-29 21:37:58.940  INFO 21432 --- [scheduling-1] xyz.hshuai.forum.schedule.HotTagTasks    : hotTagSchedule stop Thu Apr 29 21:37:58 CST 2021
2021-04-29 21:37:58.941  INFO 21432 --- [scheduling-1] x.hshuai.forum.schedule.LoginUserTasks   : loginUserSchedule start Thu Apr 29 21:37:58 CST 2021
2021-04-29 21:37:58.963  INFO 21432 --- [scheduling-1] x.hshuai.forum.schedule.LoginUserTasks   : loginUserSchedule stop Thu Apr 29 21:37:58 CST 2021
2021-04-29 21:38:13.119  INFO 21432 --- [http-nio-80-exec-3] o.a.c.c.C.[Tomcat].[localhost].[/]       : Initializing Spring DispatcherServlet 'dispatcherServlet'
2021-04-29 21:38:13.120  INFO 21432 --- [http-nio-80-exec-3] o.s.web.servlet.DispatcherServlet        : Initializing Servlet 'dispatcherServlet'
2021-04-29 21:38:13.127  INFO 21432 --- [http-nio-80-exec-3] o.s.web.servlet.DispatcherServlet        : Completed initialization in 7 ms
2021-04-29 21:41:44.911  INFO 8556 --- [restartedMain] xyz.hshuai.forum.CommunityApplication    : Starting CommunityApplication on Zhsaptop with PID 8556 (started by Lenovo in D:\AZHS\毕设\HSchool\HS-community)
2021-04-29 21:41:44.914  INFO 8556 --- [restartedMain] xyz.hshuai.forum.CommunityApplication    : No active profile set, falling back to default profiles: default
2021-04-29 21:41:44.973  INFO 8556 --- [restartedMain] .e.DevToolsPropertyDefaultsPostProcessor : Devtools property defaults active! Set 'spring.devtools.add-properties' to 'false' to disable
2021-04-29 21:41:44.973  INFO 8556 --- [restartedMain] .e.DevToolsPropertyDefaultsPostProcessor : For additional web related logging consider setting the 'logging.level.web' property to 'DEBUG'
2021-04-29 21:41:46.590  INFO 8556 --- [restartedMain] trationDelegate$BeanPostProcessorChecker : Bean 'org.springframework.transaction.annotation.ProxyTransactionManagementConfiguration' of type [org.springframework.transaction.annotation.ProxyTransactionManagementConfiguration$$EnhancerBySpringCGLIB$$b4dc5f31] is not eligible for getting processed by all BeanPostProcessors (for example: not eligible for auto-proxying)
2021-04-29 21:41:47.063  INFO 8556 --- [restartedMain] o.s.b.w.embedded.tomcat.TomcatWebServer  : Tomcat initialized with port(s): 80 (http)
2021-04-29 21:41:47.087  INFO 8556 --- [restartedMain] o.apache.catalina.core.StandardService   : Starting service [Tomcat]
2021-04-29 21:41:47.087  INFO 8556 --- [restartedMain] org.apache.catalina.core.StandardEngine  : Starting Servlet engine: [Apache Tomcat/9.0.21]
2021-04-29 21:41:47.210  INFO 8556 --- [restartedMain] o.a.c.c.C.[Tomcat].[localhost].[/]       : Initializing Spring embedded WebApplicationContext
2021-04-29 21:41:47.211  INFO 8556 --- [restartedMain] o.s.web.context.ContextLoader            : Root WebApplicationContext: initialization completed in 2238 ms
2021-04-29 21:41:48.459  INFO 8556 --- [restartedMain] pertySourcedRequestMappingHandlerMapping : Mapped URL path [/v2/api-docs] onto method [public org.springframework.http.ResponseEntity<springfox.documentation.spring.web.json.Json> springfox.documentation.swagger2.web.Swagger2Controller.getDocumentation(java.lang.String,javax.servlet.http.HttpServletRequest)]
2021-04-29 21:41:48.580  INFO 8556 --- [restartedMain] o.s.s.concurrent.ThreadPoolTaskExecutor  : Initializing ExecutorService 'applicationTaskExecutor'
2021-04-29 21:41:48.626  INFO 8556 --- [restartedMain] o.s.b.d.a.OptionalLiveReloadServer       : LiveReload server is running on port 35729
2021-04-29 21:41:48.763  INFO 8556 --- [restartedMain] o.s.b.a.w.s.WelcomePageHandlerMapping    : Adding welcome page template: index
2021-04-29 21:41:48.851  INFO 8556 --- [restartedMain] o.s.s.c.ThreadPoolTaskScheduler          : Initializing ExecutorService 'taskScheduler'
2021-04-29 21:41:49.095  INFO 8556 --- [restartedMain] d.s.w.p.DocumentationPluginsBootstrapper : Context refreshed
2021-04-29 21:41:49.113  INFO 8556 --- [restartedMain] d.s.w.p.DocumentationPluginsBootstrapper : Found 1 custom documentation plugin(s)
2021-04-29 21:41:49.159  INFO 8556 --- [restartedMain] s.d.s.w.s.ApiListingReferenceScanner     : Scanning for api listing references
2021-04-29 21:41:49.328  INFO 8556 --- [restartedMain] .d.s.w.r.o.CachingOperationNameGenerator : Generating unique operation named: insertUsingPOST_1
2021-04-29 21:41:49.337  INFO 8556 --- [restartedMain] .d.s.w.r.o.CachingOperationNameGenerator : Generating unique operation named: commentListUsingGET_1
2021-04-29 21:41:49.343  INFO 8556 --- [restartedMain] .d.s.w.r.o.CachingOperationNameGenerator : Generating unique operation named: insertUsingPOST_2
2021-04-29 21:41:49.350  INFO 8556 --- [restartedMain] .d.s.w.r.o.CachingOperationNameGenerator : Generating unique operation named: commentListUsingGET_2
2021-04-29 21:41:49.370  INFO 8556 --- [scheduling-1] xyz.hshuai.forum.schedule.HotTagTasks    : hotTagSchedule start Thu Apr 29 21:41:49 CST 2021
2021-04-29 21:41:49.405  WARN 8556 --- [scheduling-1] com.zaxxer.hikari.HikariConfig           : HikariPool-1 - idleTimeout is close to or more than maxLifetime, disabling it.
2021-04-29 21:41:49.405  INFO 8556 --- [scheduling-1] com.zaxxer.hikari.HikariDataSource       : HikariPool-1 - Starting...
2021-04-29 21:41:49.425  INFO 8556 --- [restartedMain] o.s.b.w.embedded.tomcat.TomcatWebServer  : Tomcat started on port(s): 80 (http) with context path ''
2021-04-29 21:41:49.428  INFO 8556 --- [restartedMain] xyz.hshuai.forum.CommunityApplication    : Started CommunityApplication in 5.002 seconds (JVM running for 6.316)
2021-04-29 21:41:50.043  INFO 8556 --- [scheduling-1] com.zaxxer.hikari.HikariDataSource       : HikariPool-1 - Start completed.
2021-04-29 21:41:50.121  INFO 8556 --- [scheduling-1] xyz.hshuai.forum.schedule.HotTagTasks    : hotTagSchedule stop Thu Apr 29 21:41:50 CST 2021
2021-04-29 21:41:50.122  INFO 8556 --- [scheduling-1] x.hshuai.forum.schedule.LoginUserTasks   : loginUserSchedule start Thu Apr 29 21:41:50 CST 2021
2021-04-29 21:41:50.143  INFO 8556 --- [scheduling-1] x.hshuai.forum.schedule.LoginUserTasks   : loginUserSchedule stop Thu Apr 29 21:41:50 CST 2021
2021-04-29 21:41:54.297  INFO 8556 --- [http-nio-80-exec-1] o.a.c.c.C.[Tomcat].[localhost].[/]       : Initializing Spring DispatcherServlet 'dispatcherServlet'
2021-04-29 21:41:54.298  INFO 8556 --- [http-nio-80-exec-1] o.s.web.servlet.DispatcherServlet        : Initializing Servlet 'dispatcherServlet'
2021-04-29 21:41:54.310  INFO 8556 --- [http-nio-80-exec-1] o.s.web.servlet.DispatcherServlet        : Completed initialization in 11 ms
2021-04-29 21:44:56.026  INFO 24256 --- [restartedMain] xyz.hshuai.forum.CommunityApplication    : Starting CommunityApplication on Zhsaptop with PID 24256 (started by Lenovo in D:\AZHS\毕设\HSchool\HS-community)
2021-04-29 21:44:56.029  INFO 24256 --- [restartedMain] xyz.hshuai.forum.CommunityApplication    : No active profile set, falling back to default profiles: default
2021-04-29 21:44:56.106  INFO 24256 --- [restartedMain] .e.DevToolsPropertyDefaultsPostProcessor : Devtools property defaults active! Set 'spring.devtools.add-properties' to 'false' to disable
2021-04-29 21:44:56.106  INFO 24256 --- [restartedMain] .e.DevToolsPropertyDefaultsPostProcessor : For additional web related logging consider setting the 'logging.level.web' property to 'DEBUG'
2021-04-29 21:44:57.643  INFO 24256 --- [restartedMain] trationDelegate$BeanPostProcessorChecker : Bean 'org.springframework.transaction.annotation.ProxyTransactionManagementConfiguration' of type [org.springframework.transaction.annotation.ProxyTransactionManagementConfiguration$$EnhancerBySpringCGLIB$$fb199fbe] is not eligible for getting processed by all BeanPostProcessors (for example: not eligible for auto-proxying)
2021-04-29 21:44:58.126  INFO 24256 --- [restartedMain] o.s.b.w.embedded.tomcat.TomcatWebServer  : Tomcat initialized with port(s): 80 (http)
2021-04-29 21:44:58.151  INFO 24256 --- [restartedMain] o.apache.catalina.core.StandardService   : Starting service [Tomcat]
2021-04-29 21:44:58.151  INFO 24256 --- [restartedMain] org.apache.catalina.core.StandardEngine  : Starting Servlet engine: [Apache Tomcat/9.0.21]
2021-04-29 21:44:58.270  INFO 24256 --- [restartedMain] o.a.c.c.C.[Tomcat].[localhost].[/]       : Initializing Spring embedded WebApplicationContext
2021-04-29 21:44:58.271  INFO 24256 --- [restartedMain] o.s.web.context.ContextLoader            : Root WebApplicationContext: initialization completed in 2165 ms
2021-04-29 21:44:59.346  INFO 24256 --- [restartedMain] pertySourcedRequestMappingHandlerMapping : Mapped URL path [/v2/api-docs] onto method [public org.springframework.http.ResponseEntity<springfox.documentation.spring.web.json.Json> springfox.documentation.swagger2.web.Swagger2Controller.getDocumentation(java.lang.String,javax.servlet.http.HttpServletRequest)]
2021-04-29 21:44:59.463  INFO 24256 --- [restartedMain] o.s.s.concurrent.ThreadPoolTaskExecutor  : Initializing ExecutorService 'applicationTaskExecutor'
2021-04-29 21:44:59.516  INFO 24256 --- [restartedMain] o.s.b.d.a.OptionalLiveReloadServer       : LiveReload server is running on port 35729
2021-04-29 21:44:59.626  INFO 24256 --- [restartedMain] o.s.b.a.w.s.WelcomePageHandlerMapping    : Adding welcome page template: index
2021-04-29 21:44:59.712  INFO 24256 --- [restartedMain] o.s.s.c.ThreadPoolTaskScheduler          : Initializing ExecutorService 'taskScheduler'
2021-04-29 21:44:59.939  INFO 24256 --- [restartedMain] d.s.w.p.DocumentationPluginsBootstrapper : Context refreshed
2021-04-29 21:44:59.960  INFO 24256 --- [restartedMain] d.s.w.p.DocumentationPluginsBootstrapper : Found 1 custom documentation plugin(s)
2021-04-29 21:45:00.007  INFO 24256 --- [restartedMain] s.d.s.w.s.ApiListingReferenceScanner     : Scanning for api listing references
2021-04-29 21:45:00.194  INFO 24256 --- [restartedMain] .d.s.w.r.o.CachingOperationNameGenerator : Generating unique operation named: insertUsingPOST_1
2021-04-29 21:45:00.202  INFO 24256 --- [restartedMain] .d.s.w.r.o.CachingOperationNameGenerator : Generating unique operation named: commentListUsingGET_1
2021-04-29 21:45:00.209  INFO 24256 --- [restartedMain] .d.s.w.r.o.CachingOperationNameGenerator : Generating unique operation named: insertUsingPOST_2
2021-04-29 21:45:00.217  INFO 24256 --- [restartedMain] .d.s.w.r.o.CachingOperationNameGenerator : Generating unique operation named: commentListUsingGET_2
2021-04-29 21:45:00.237  INFO 24256 --- [scheduling-1] xyz.hshuai.forum.schedule.HotTagTasks    : hotTagSchedule start Thu Apr 29 21:45:00 CST 2021
2021-04-29 21:45:00.266  INFO 24256 --- [restartedMain] o.s.b.w.embedded.tomcat.TomcatWebServer  : Tomcat started on port(s): 80 (http) with context path ''
2021-04-29 21:45:00.270  INFO 24256 --- [restartedMain] xyz.hshuai.forum.CommunityApplication    : Started CommunityApplication in 4.78 seconds (JVM running for 6.333)
2021-04-29 21:45:00.275  WARN 24256 --- [scheduling-1] com.zaxxer.hikari.HikariConfig           : HikariPool-1 - idleTimeout is close to or more than maxLifetime, disabling it.
2021-04-29 21:45:00.275  INFO 24256 --- [scheduling-1] com.zaxxer.hikari.HikariDataSource       : HikariPool-1 - Starting...
2021-04-29 21:45:00.685  INFO 24256 --- [scheduling-1] com.zaxxer.hikari.HikariDataSource       : HikariPool-1 - Start completed.
2021-04-29 21:45:00.765  INFO 24256 --- [scheduling-1] xyz.hshuai.forum.schedule.HotTagTasks    : hotTagSchedule stop Thu Apr 29 21:45:00 CST 2021
2021-04-29 21:45:00.765  INFO 24256 --- [scheduling-1] x.hshuai.forum.schedule.LoginUserTasks   : loginUserSchedule start Thu Apr 29 21:45:00 CST 2021
2021-04-29 21:45:00.787  INFO 24256 --- [scheduling-1] x.hshuai.forum.schedule.LoginUserTasks   : loginUserSchedule stop Thu Apr 29 21:45:00 CST 2021
2021-04-29 21:45:07.852  INFO 24256 --- [http-nio-80-exec-1] o.a.c.c.C.[Tomcat].[localhost].[/]       : Initializing Spring DispatcherServlet 'dispatcherServlet'
2021-04-29 21:45:07.853  INFO 24256 --- [http-nio-80-exec-1] o.s.web.servlet.DispatcherServlet        : Initializing Servlet 'dispatcherServlet'
2021-04-29 21:45:07.862  INFO 24256 --- [http-nio-80-exec-1] o.s.web.servlet.DispatcherServlet        : Completed initialization in 9 ms
2021-04-29 21:47:37.383  INFO 19356 --- [restartedMain] xyz.hshuai.forum.CommunityApplication    : Starting CommunityApplication on Zhsaptop with PID 19356 (started by Lenovo in D:\AZHS\毕设\HSchool\HS-community)
2021-04-29 21:47:37.394  INFO 19356 --- [restartedMain] xyz.hshuai.forum.CommunityApplication    : No active profile set, falling back to default profiles: default
2021-04-29 21:47:37.440  INFO 19356 --- [restartedMain] .e.DevToolsPropertyDefaultsPostProcessor : Devtools property defaults active! Set 'spring.devtools.add-properties' to 'false' to disable
2021-04-29 21:47:37.443  INFO 19356 --- [restartedMain] .e.DevToolsPropertyDefaultsPostProcessor : For additional web related logging consider setting the 'logging.level.web' property to 'DEBUG'
2021-04-29 21:47:40.055  INFO 19356 --- [restartedMain] trationDelegate$BeanPostProcessorChecker : Bean 'org.springframework.transaction.annotation.ProxyTransactionManagementConfiguration' of type [org.springframework.transaction.annotation.ProxyTransactionManagementConfiguration$$EnhancerBySpringCGLIB$$7581f13b] is not eligible for getting processed by all BeanPostProcessors (for example: not eligible for auto-proxying)
2021-04-29 21:47:40.692  INFO 19356 --- [restartedMain] o.s.b.w.embedded.tomcat.TomcatWebServer  : Tomcat initialized with port(s): 80 (http)
2021-04-29 21:47:40.721  INFO 19356 --- [restartedMain] o.apache.catalina.core.StandardService   : Starting service [Tomcat]
2021-04-29 21:47:40.722  INFO 19356 --- [restartedMain] org.apache.catalina.core.StandardEngine  : Starting Servlet engine: [Apache Tomcat/9.0.21]
2021-04-29 21:47:40.899  INFO 19356 --- [restartedMain] o.a.c.c.C.[Tomcat].[localhost].[/]       : Initializing Spring embedded WebApplicationContext
2021-04-29 21:47:40.899  INFO 19356 --- [restartedMain] o.s.web.context.ContextLoader            : Root WebApplicationContext: initialization completed in 3456 ms
2021-04-29 21:47:42.453  INFO 19356 --- [restartedMain] pertySourcedRequestMappingHandlerMapping : Mapped URL path [/v2/api-docs] onto method [public org.springframework.http.ResponseEntity<springfox.documentation.spring.web.json.Json> springfox.documentation.swagger2.web.Swagger2Controller.getDocumentation(java.lang.String,javax.servlet.http.HttpServletRequest)]
2021-04-29 21:47:42.583  INFO 19356 --- [restartedMain] o.s.s.concurrent.ThreadPoolTaskExecutor  : Initializing ExecutorService 'applicationTaskExecutor'
2021-04-29 21:47:42.632  INFO 19356 --- [restartedMain] o.s.b.d.a.OptionalLiveReloadServer       : LiveReload server is running on port 35729
2021-04-29 21:47:42.754  INFO 19356 --- [restartedMain] o.s.b.a.w.s.WelcomePageHandlerMapping    : Adding welcome page template: index
2021-04-29 21:47:42.839  INFO 19356 --- [restartedMain] o.s.s.c.ThreadPoolTaskScheduler          : Initializing ExecutorService 'taskScheduler'
2021-04-29 21:47:43.070  INFO 19356 --- [restartedMain] d.s.w.p.DocumentationPluginsBootstrapper : Context refreshed
2021-04-29 21:47:43.089  INFO 19356 --- [restartedMain] d.s.w.p.DocumentationPluginsBootstrapper : Found 1 custom documentation plugin(s)
2021-04-29 21:47:43.152  INFO 19356 --- [restartedMain] s.d.s.w.s.ApiListingReferenceScanner     : Scanning for api listing references
2021-04-29 21:47:43.314  INFO 19356 --- [restartedMain] .d.s.w.r.o.CachingOperationNameGenerator : Generating unique operation named: insertUsingPOST_1
2021-04-29 21:47:43.322  INFO 19356 --- [restartedMain] .d.s.w.r.o.CachingOperationNameGenerator : Generating unique operation named: commentListUsingGET_1
2021-04-29 21:47:43.334  INFO 19356 --- [restartedMain] .d.s.w.r.o.CachingOperationNameGenerator : Generating unique operation named: insertUsingPOST_2
2021-04-29 21:47:43.352  INFO 19356 --- [restartedMain] .d.s.w.r.o.CachingOperationNameGenerator : Generating unique operation named: commentListUsingGET_2
2021-04-29 21:47:43.374  INFO 19356 --- [scheduling-1] xyz.hshuai.forum.schedule.HotTagTasks    : hotTagSchedule start Thu Apr 29 21:47:43 CST 2021
2021-04-29 21:47:43.407  INFO 19356 --- [restartedMain] o.s.b.w.embedded.tomcat.TomcatWebServer  : Tomcat started on port(s): 80 (http) with context path ''
2021-04-29 21:47:43.411  INFO 19356 --- [restartedMain] xyz.hshuai.forum.CommunityApplication    : Started CommunityApplication in 6.5 seconds (JVM running for 7.823)
2021-04-29 21:47:43.420  WARN 19356 --- [scheduling-1] com.zaxxer.hikari.HikariConfig           : HikariPool-1 - idleTimeout is close to or more than maxLifetime, disabling it.
2021-04-29 21:47:43.420  INFO 19356 --- [scheduling-1] com.zaxxer.hikari.HikariDataSource       : HikariPool-1 - Starting...
2021-04-29 21:47:43.593  INFO 19356 --- [http-nio-80-exec-1] o.a.c.c.C.[Tomcat].[localhost].[/]       : Initializing Spring DispatcherServlet 'dispatcherServlet'
2021-04-29 21:47:43.593  INFO 19356 --- [http-nio-80-exec-1] o.s.web.servlet.DispatcherServlet        : Initializing Servlet 'dispatcherServlet'
2021-04-29 21:47:43.604  INFO 19356 --- [http-nio-80-exec-1] o.s.web.servlet.DispatcherServlet        : Completed initialization in 11 ms
2021-04-29 21:47:43.834  INFO 19356 --- [scheduling-1] com.zaxxer.hikari.HikariDataSource       : HikariPool-1 - Start completed.
2021-04-29 21:47:44.429  INFO 19356 --- [scheduling-1] xyz.hshuai.forum.schedule.HotTagTasks    : hotTagSchedule stop Thu Apr 29 21:47:44 CST 2021
2021-04-29 21:47:44.430  INFO 19356 --- [scheduling-1] x.hshuai.forum.schedule.LoginUserTasks   : loginUserSchedule start Thu Apr 29 21:47:44 CST 2021
2021-04-29 21:47:44.453  INFO 19356 --- [scheduling-1] x.hshuai.forum.schedule.LoginUserTasks   : loginUserSchedule stop Thu Apr 29 21:47:44 CST 2021
2021-04-29 21:49:13.302  INFO 25252 --- [restartedMain] xyz.hshuai.forum.CommunityApplication    : Starting CommunityApplication on Zhsaptop with PID 25252 (started by Lenovo in D:\AZHS\毕设\HSchool\HS-community)
2021-04-29 21:49:13.305  INFO 25252 --- [restartedMain] xyz.hshuai.forum.CommunityApplication    : No active profile set, falling back to default profiles: default
2021-04-29 21:49:13.363  INFO 25252 --- [restartedMain] .e.DevToolsPropertyDefaultsPostProcessor : Devtools property defaults active! Set 'spring.devtools.add-properties' to 'false' to disable
2021-04-29 21:49:13.364  INFO 25252 --- [restartedMain] .e.DevToolsPropertyDefaultsPostProcessor : For additional web related logging consider setting the 'logging.level.web' property to 'DEBUG'
2021-04-29 21:49:15.239  INFO 25252 --- [restartedMain] trationDelegate$BeanPostProcessorChecker : Bean 'org.springframework.transaction.annotation.ProxyTransactionManagementConfiguration' of type [org.springframework.transaction.annotation.ProxyTransactionManagementConfiguration$$EnhancerBySpringCGLIB$$267cae27] is not eligible for getting processed by all BeanPostProcessors (for example: not eligible for auto-proxying)
2021-04-29 21:49:15.839  INFO 25252 --- [restartedMain] o.s.b.w.embedded.tomcat.TomcatWebServer  : Tomcat initialized with port(s): 80 (http)
2021-04-29 21:49:16.035  INFO 25252 --- [restartedMain] o.apache.catalina.core.StandardService   : Starting service [Tomcat]
2021-04-29 21:49:16.035  INFO 25252 --- [restartedMain] org.apache.catalina.core.StandardEngine  : Starting Servlet engine: [Apache Tomcat/9.0.21]
2021-04-29 21:49:16.170  INFO 25252 --- [restartedMain] o.a.c.c.C.[Tomcat].[localhost].[/]       : Initializing Spring embedded WebApplicationContext
2021-04-29 21:49:16.170  INFO 25252 --- [restartedMain] o.s.web.context.ContextLoader            : Root WebApplicationContext: initialization completed in 2806 ms
2021-04-29 21:49:17.478  INFO 25252 --- [restartedMain] pertySourcedRequestMappingHandlerMapping : Mapped URL path [/v2/api-docs] onto method [public org.springframework.http.ResponseEntity<springfox.documentation.spring.web.json.Json> springfox.documentation.swagger2.web.Swagger2Controller.getDocumentation(java.lang.String,javax.servlet.http.HttpServletRequest)]
2021-04-29 21:49:17.604  INFO 25252 --- [restartedMain] o.s.s.concurrent.ThreadPoolTaskExecutor  : Initializing ExecutorService 'applicationTaskExecutor'
2021-04-29 21:49:17.667  INFO 25252 --- [restartedMain] o.s.b.d.a.OptionalLiveReloadServer       : LiveReload server is running on port 35729
2021-04-29 21:49:17.802  INFO 25252 --- [restartedMain] o.s.b.a.w.s.WelcomePageHandlerMapping    : Adding welcome page template: index
2021-04-29 21:49:17.885  INFO 25252 --- [restartedMain] o.s.s.c.ThreadPoolTaskScheduler          : Initializing ExecutorService 'taskScheduler'
2021-04-29 21:49:18.291  INFO 25252 --- [restartedMain] d.s.w.p.DocumentationPluginsBootstrapper : Context refreshed
2021-04-29 21:49:18.316  INFO 25252 --- [restartedMain] d.s.w.p.DocumentationPluginsBootstrapper : Found 1 custom documentation plugin(s)
2021-04-29 21:49:18.356  INFO 25252 --- [restartedMain] s.d.s.w.s.ApiListingReferenceScanner     : Scanning for api listing references
2021-04-29 21:49:18.530  INFO 25252 --- [restartedMain] .d.s.w.r.o.CachingOperationNameGenerator : Generating unique operation named: insertUsingPOST_1
2021-04-29 21:49:18.541  INFO 25252 --- [restartedMain] .d.s.w.r.o.CachingOperationNameGenerator : Generating unique operation named: commentListUsingGET_1
2021-04-29 21:49:18.549  INFO 25252 --- [restartedMain] .d.s.w.r.o.CachingOperationNameGenerator : Generating unique operation named: insertUsingPOST_2
2021-04-29 21:49:18.558  INFO 25252 --- [restartedMain] .d.s.w.r.o.CachingOperationNameGenerator : Generating unique operation named: commentListUsingGET_2
2021-04-29 21:49:18.600  INFO 25252 --- [scheduling-1] xyz.hshuai.forum.schedule.HotTagTasks    : hotTagSchedule start Thu Apr 29 21:49:18 CST 2021
2021-04-29 21:49:18.640  INFO 25252 --- [restartedMain] o.s.b.w.embedded.tomcat.TomcatWebServer  : Tomcat started on port(s): 80 (http) with context path ''
2021-04-29 21:49:18.644  INFO 25252 --- [restartedMain] xyz.hshuai.forum.CommunityApplication    : Started CommunityApplication in 5.872 seconds (JVM running for 7.223)
2021-04-29 21:49:18.663  WARN 25252 --- [scheduling-1] com.zaxxer.hikari.HikariConfig           : HikariPool-1 - idleTimeout is close to or more than maxLifetime, disabling it.
2021-04-29 21:49:18.665  INFO 25252 --- [scheduling-1] com.zaxxer.hikari.HikariDataSource       : HikariPool-1 - Starting...
2021-04-29 21:49:19.129  INFO 25252 --- [scheduling-1] com.zaxxer.hikari.HikariDataSource       : HikariPool-1 - Start completed.
2021-04-29 21:49:19.232  INFO 25252 --- [scheduling-1] xyz.hshuai.forum.schedule.HotTagTasks    : hotTagSchedule stop Thu Apr 29 21:49:19 CST 2021
2021-04-29 21:49:19.232  INFO 25252 --- [scheduling-1] x.hshuai.forum.schedule.LoginUserTasks   : loginUserSchedule start Thu Apr 29 21:49:19 CST 2021
2021-04-29 21:49:19.255  INFO 25252 --- [scheduling-1] x.hshuai.forum.schedule.LoginUserTasks   : loginUserSchedule stop Thu Apr 29 21:49:19 CST 2021
2021-04-29 21:49:22.251  INFO 25252 --- [http-nio-80-exec-1] o.a.c.c.C.[Tomcat].[localhost].[/]       : Initializing Spring DispatcherServlet 'dispatcherServlet'
2021-04-29 21:49:22.252  INFO 25252 --- [http-nio-80-exec-1] o.s.web.servlet.DispatcherServlet        : Initializing Servlet 'dispatcherServlet'
2021-04-29 21:49:22.260  INFO 25252 --- [http-nio-80-exec-1] o.s.web.servlet.DispatcherServlet        : Completed initialization in 8 ms
2021-04-29 21:55:02.558  INFO 25364 --- [restartedMain] xyz.hshuai.forum.CommunityApplication    : Starting CommunityApplication on Zhsaptop with PID 25364 (started by Lenovo in D:\AZHS\毕设\HSchool\HS-community)
2021-04-29 21:55:02.560  INFO 25364 --- [restartedMain] xyz.hshuai.forum.CommunityApplication    : No active profile set, falling back to default profiles: default
2021-04-29 21:55:02.612  INFO 25364 --- [restartedMain] .e.DevToolsPropertyDefaultsPostProcessor : Devtools property defaults active! Set 'spring.devtools.add-properties' to 'false' to disable
2021-04-29 21:55:02.612  INFO 25364 --- [restartedMain] .e.DevToolsPropertyDefaultsPostProcessor : For additional web related logging consider setting the 'logging.level.web' property to 'DEBUG'
2021-04-29 21:55:04.365  INFO 25364 --- [restartedMain] trationDelegate$BeanPostProcessorChecker : Bean 'org.springframework.transaction.annotation.ProxyTransactionManagementConfiguration' of type [org.springframework.transaction.annotation.ProxyTransactionManagementConfiguration$$EnhancerBySpringCGLIB$$41e7f4d1] is not eligible for getting processed by all BeanPostProcessors (for example: not eligible for auto-proxying)
2021-04-29 21:55:04.809  INFO 25364 --- [restartedMain] o.s.b.w.embedded.tomcat.TomcatWebServer  : Tomcat initialized with port(s): 80 (http)
2021-04-29 21:55:04.831  INFO 25364 --- [restartedMain] o.apache.catalina.core.StandardService   : Starting service [Tomcat]
2021-04-29 21:55:04.831  INFO 25364 --- [restartedMain] org.apache.catalina.core.StandardEngine  : Starting Servlet engine: [Apache Tomcat/9.0.21]
2021-04-29 21:55:04.947  INFO 25364 --- [restartedMain] o.a.c.c.C.[Tomcat].[localhost].[/]       : Initializing Spring embedded WebApplicationContext
2021-04-29 21:55:04.947  INFO 25364 --- [restartedMain] o.s.web.context.ContextLoader            : Root WebApplicationContext: initialization completed in 2335 ms
2021-04-29 21:55:06.042  INFO 25364 --- [restartedMain] pertySourcedRequestMappingHandlerMapping : Mapped URL path [/v2/api-docs] onto method [public org.springframework.http.ResponseEntity<springfox.documentation.spring.web.json.Json> springfox.documentation.swagger2.web.Swagger2Controller.getDocumentation(java.lang.String,javax.servlet.http.HttpServletRequest)]
2021-04-29 21:55:06.154  INFO 25364 --- [restartedMain] o.s.s.concurrent.ThreadPoolTaskExecutor  : Initializing ExecutorService 'applicationTaskExecutor'
2021-04-29 21:55:06.217  INFO 25364 --- [restartedMain] o.s.b.d.a.OptionalLiveReloadServer       : LiveReload server is running on port 35729
2021-04-29 21:55:06.319  INFO 25364 --- [restartedMain] o.s.b.a.w.s.WelcomePageHandlerMapping    : Adding welcome page template: index
2021-04-29 21:55:06.392  INFO 25364 --- [restartedMain] o.s.s.c.ThreadPoolTaskScheduler          : Initializing ExecutorService 'taskScheduler'
2021-04-29 21:55:06.617  INFO 25364 --- [restartedMain] d.s.w.p.DocumentationPluginsBootstrapper : Context refreshed
2021-04-29 21:55:06.634  INFO 25364 --- [restartedMain] d.s.w.p.DocumentationPluginsBootstrapper : Found 1 custom documentation plugin(s)
2021-04-29 21:55:06.675  INFO 25364 --- [restartedMain] s.d.s.w.s.ApiListingReferenceScanner     : Scanning for api listing references
2021-04-29 21:55:06.822  INFO 25364 --- [restartedMain] .d.s.w.r.o.CachingOperationNameGenerator : Generating unique operation named: insertUsingPOST_1
2021-04-29 21:55:06.831  INFO 25364 --- [restartedMain] .d.s.w.r.o.CachingOperationNameGenerator : Generating unique operation named: commentListUsingGET_1
2021-04-29 21:55:06.839  INFO 25364 --- [restartedMain] .d.s.w.r.o.CachingOperationNameGenerator : Generating unique operation named: insertUsingPOST_2
2021-04-29 21:55:06.848  INFO 25364 --- [restartedMain] .d.s.w.r.o.CachingOperationNameGenerator : Generating unique operation named: commentListUsingGET_2
2021-04-29 21:55:06.870  INFO 25364 --- [scheduling-1] xyz.hshuai.forum.schedule.HotTagTasks    : hotTagSchedule start Thu Apr 29 21:55:06 CST 2021
2021-04-29 21:55:06.899  INFO 25364 --- [restartedMain] o.s.b.w.embedded.tomcat.TomcatWebServer  : Tomcat started on port(s): 80 (http) with context path ''
2021-04-29 21:55:06.903  INFO 25364 --- [restartedMain] xyz.hshuai.forum.CommunityApplication    : Started CommunityApplication in 4.954 seconds (JVM running for 6.82)
2021-04-29 21:55:06.908  WARN 25364 --- [scheduling-1] com.zaxxer.hikari.HikariConfig           : HikariPool-1 - idleTimeout is close to or more than maxLifetime, disabling it.
2021-04-29 21:55:06.908  INFO 25364 --- [scheduling-1] com.zaxxer.hikari.HikariDataSource       : HikariPool-1 - Starting...
2021-04-29 21:55:07.359  INFO 25364 --- [scheduling-1] com.zaxxer.hikari.HikariDataSource       : HikariPool-1 - Start completed.
2021-04-29 21:55:07.438  INFO 25364 --- [scheduling-1] xyz.hshuai.forum.schedule.HotTagTasks    : hotTagSchedule stop Thu Apr 29 21:55:07 CST 2021
2021-04-29 21:55:07.438  INFO 25364 --- [scheduling-1] x.hshuai.forum.schedule.LoginUserTasks   : loginUserSchedule start Thu Apr 29 21:55:07 CST 2021
2021-04-29 21:55:07.461  INFO 25364 --- [scheduling-1] x.hshuai.forum.schedule.LoginUserTasks   : loginUserSchedule stop Thu Apr 29 21:55:07 CST 2021
2021-04-29 21:56:39.395  INFO 25364 --- [Thread-10] o.s.s.c.ThreadPoolTaskScheduler          : Shutting down ExecutorService 'taskScheduler'
2021-04-29 21:56:39.398  INFO 25364 --- [Thread-10] o.s.s.concurrent.ThreadPoolTaskExecutor  : Shutting down ExecutorService 'applicationTaskExecutor'
2021-04-29 21:56:39.513  INFO 25364 --- [Thread-10] com.zaxxer.hikari.HikariDataSource       : HikariPool-1 - Shutdown initiated...
2021-04-29 21:56:39.533  INFO 25364 --- [Thread-10] com.zaxxer.hikari.HikariDataSource       : HikariPool-1 - Shutdown completed.
2021-04-29 21:57:06.099  INFO 26576 --- [restartedMain] xyz.hshuai.forum.CommunityApplication    : Starting CommunityApplication on Zhsaptop with PID 26576 (started by Lenovo in D:\AZHS\毕设\HSchool\HS-community)
2021-04-29 21:57:06.102  INFO 26576 --- [restartedMain] xyz.hshuai.forum.CommunityApplication    : No active profile set, falling back to default profiles: default
2021-04-29 21:57:06.252  INFO 26576 --- [restartedMain] .e.DevToolsPropertyDefaultsPostProcessor : Devtools property defaults active! Set 'spring.devtools.add-properties' to 'false' to disable
2021-04-29 21:57:06.252  INFO 26576 --- [restartedMain] .e.DevToolsPropertyDefaultsPostProcessor : For additional web related logging consider setting the 'logging.level.web' property to 'DEBUG'
2021-04-29 21:57:07.985  INFO 26576 --- [restartedMain] trationDelegate$BeanPostProcessorChecker : Bean 'org.springframework.transaction.annotation.ProxyTransactionManagementConfiguration' of type [org.springframework.transaction.annotation.ProxyTransactionManagementConfiguration$$EnhancerBySpringCGLIB$$e8aecfd1] is not eligible for getting processed by all BeanPostProcessors (for example: not eligible for auto-proxying)
2021-04-29 21:57:08.454  INFO 26576 --- [restartedMain] o.s.b.w.embedded.tomcat.TomcatWebServer  : Tomcat initialized with port(s): 80 (http)
2021-04-29 21:57:08.476  INFO 26576 --- [restartedMain] o.apache.catalina.core.StandardService   : Starting service [Tomcat]
2021-04-29 21:57:08.476  INFO 26576 --- [restartedMain] org.apache.catalina.core.StandardEngine  : Starting Servlet engine: [Apache Tomcat/9.0.21]
2021-04-29 21:57:08.607  INFO 26576 --- [restartedMain] o.a.c.c.C.[Tomcat].[localhost].[/]       : Initializing Spring embedded WebApplicationContext
2021-04-29 21:57:08.608  INFO 26576 --- [restartedMain] o.s.web.context.ContextLoader            : Root WebApplicationContext: initialization completed in 2356 ms
2021-04-29 21:57:09.830  INFO 26576 --- [restartedMain] pertySourcedRequestMappingHandlerMapping : Mapped URL path [/v2/api-docs] onto method [public org.springframework.http.ResponseEntity<springfox.documentation.spring.web.json.Json> springfox.documentation.swagger2.web.Swagger2Controller.getDocumentation(java.lang.String,javax.servlet.http.HttpServletRequest)]
2021-04-29 21:57:09.946  INFO 26576 --- [restartedMain] o.s.s.concurrent.ThreadPoolTaskExecutor  : Initializing ExecutorService 'applicationTaskExecutor'
2021-04-29 21:57:10.003  INFO 26576 --- [restartedMain] o.s.b.d.a.OptionalLiveReloadServer       : LiveReload server is running on port 35729
2021-04-29 21:57:10.121  INFO 26576 --- [restartedMain] o.s.b.a.w.s.WelcomePageHandlerMapping    : Adding welcome page template: index
2021-04-29 21:57:10.214  INFO 26576 --- [restartedMain] o.s.s.c.ThreadPoolTaskScheduler          : Initializing ExecutorService 'taskScheduler'
2021-04-29 21:57:10.461  INFO 26576 --- [restartedMain] d.s.w.p.DocumentationPluginsBootstrapper : Context refreshed
2021-04-29 21:57:10.482  INFO 26576 --- [restartedMain] d.s.w.p.DocumentationPluginsBootstrapper : Found 1 custom documentation plugin(s)
2021-04-29 21:57:10.525  INFO 26576 --- [restartedMain] s.d.s.w.s.ApiListingReferenceScanner     : Scanning for api listing references
2021-04-29 21:57:10.692  INFO 26576 --- [restartedMain] .d.s.w.r.o.CachingOperationNameGenerator : Generating unique operation named: insertUsingPOST_1
2021-04-29 21:57:10.699  INFO 26576 --- [restartedMain] .d.s.w.r.o.CachingOperationNameGenerator : Generating unique operation named: commentListUsingGET_1
2021-04-29 21:57:10.707  INFO 26576 --- [restartedMain] .d.s.w.r.o.CachingOperationNameGenerator : Generating unique operation named: insertUsingPOST_2
2021-04-29 21:57:10.715  INFO 26576 --- [restartedMain] .d.s.w.r.o.CachingOperationNameGenerator : Generating unique operation named: commentListUsingGET_2
2021-04-29 21:57:10.737  INFO 26576 --- [scheduling-1] xyz.hshuai.forum.schedule.HotTagTasks    : hotTagSchedule start Thu Apr 29 21:57:10 CST 2021
2021-04-29 21:57:10.766  INFO 26576 --- [restartedMain] o.s.b.w.embedded.tomcat.TomcatWebServer  : Tomcat started on port(s): 80 (http) with context path ''
2021-04-29 21:57:10.771  INFO 26576 --- [restartedMain] xyz.hshuai.forum.CommunityApplication    : Started CommunityApplication in 5.192 seconds (JVM running for 7.619)
2021-04-29 21:57:10.775  WARN 26576 --- [scheduling-1] com.zaxxer.hikari.HikariConfig           : HikariPool-1 - idleTimeout is close to or more than maxLifetime, disabling it.
2021-04-29 21:57:10.776  INFO 26576 --- [scheduling-1] com.zaxxer.hikari.HikariDataSource       : HikariPool-1 - Starting...
2021-04-29 21:57:11.182  INFO 26576 --- [scheduling-1] com.zaxxer.hikari.HikariDataSource       : HikariPool-1 - Start completed.
2021-04-29 21:57:11.259  INFO 26576 --- [scheduling-1] xyz.hshuai.forum.schedule.HotTagTasks    : hotTagSchedule stop Thu Apr 29 21:57:11 CST 2021
2021-04-29 21:57:11.259  INFO 26576 --- [scheduling-1] x.hshuai.forum.schedule.LoginUserTasks   : loginUserSchedule start Thu Apr 29 21:57:11 CST 2021
2021-04-29 21:57:11.283  INFO 26576 --- [scheduling-1] x.hshuai.forum.schedule.LoginUserTasks   : loginUserSchedule stop Thu Apr 29 21:57:11 CST 2021
2021-04-29 21:57:39.834  INFO 26576 --- [http-nio-80-exec-2] o.a.c.c.C.[Tomcat].[localhost].[/]       : Initializing Spring DispatcherServlet 'dispatcherServlet'
2021-04-29 21:57:39.835  INFO 26576 --- [http-nio-80-exec-2] o.s.web.servlet.DispatcherServlet        : Initializing Servlet 'dispatcherServlet'
2021-04-29 21:57:39.847  INFO 26576 --- [http-nio-80-exec-2] o.s.web.servlet.DispatcherServlet        : Completed initialization in 12 ms
2021-04-29 21:59:29.795  INFO 25296 --- [restartedMain] xyz.hshuai.forum.CommunityApplication    : Starting CommunityApplication on Zhsaptop with PID 25296 (started by Lenovo in D:\AZHS\毕设\HSchool\HS-community)
2021-04-29 21:59:29.805  INFO 25296 --- [restartedMain] xyz.hshuai.forum.CommunityApplication    : No active profile set, falling back to default profiles: default
2021-04-29 21:59:29.901  INFO 25296 --- [restartedMain] .e.DevToolsPropertyDefaultsPostProcessor : Devtools property defaults active! Set 'spring.devtools.add-properties' to 'false' to disable
2021-04-29 21:59:29.901  INFO 25296 --- [restartedMain] .e.DevToolsPropertyDefaultsPostProcessor : For additional web related logging consider setting the 'logging.level.web' property to 'DEBUG'
2021-04-29 21:59:31.454  INFO 25296 --- [restartedMain] trationDelegate$BeanPostProcessorChecker : Bean 'org.springframework.transaction.annotation.ProxyTransactionManagementConfiguration' of type [org.springframework.transaction.annotation.ProxyTransactionManagementConfiguration$$EnhancerBySpringCGLIB$$ea10b713] is not eligible for getting processed by all BeanPostProcessors (for example: not eligible for auto-proxying)
2021-04-29 21:59:31.874  INFO 25296 --- [restartedMain] o.s.b.w.embedded.tomcat.TomcatWebServer  : Tomcat initialized with port(s): 80 (http)
2021-04-29 21:59:31.896  INFO 25296 --- [restartedMain] o.apache.catalina.core.StandardService   : Starting service [Tomcat]
2021-04-29 21:59:31.897  INFO 25296 --- [restartedMain] org.apache.catalina.core.StandardEngine  : Starting Servlet engine: [Apache Tomcat/9.0.21]
2021-04-29 21:59:32.025  INFO 25296 --- [restartedMain] o.a.c.c.C.[Tomcat].[localhost].[/]       : Initializing Spring embedded WebApplicationContext
2021-04-29 21:59:32.025  INFO 25296 --- [restartedMain] o.s.web.context.ContextLoader            : Root WebApplicationContext: initialization completed in 2124 ms
2021-04-29 21:59:33.092  INFO 25296 --- [restartedMain] pertySourcedRequestMappingHandlerMapping : Mapped URL path [/v2/api-docs] onto method [public org.springframework.http.ResponseEntity<springfox.documentation.spring.web.json.Json> springfox.documentation.swagger2.web.Swagger2Controller.getDocumentation(java.lang.String,javax.servlet.http.HttpServletRequest)]
2021-04-29 21:59:33.210  INFO 25296 --- [restartedMain] o.s.s.concurrent.ThreadPoolTaskExecutor  : Initializing ExecutorService 'applicationTaskExecutor'
2021-04-29 21:59:33.258  INFO 25296 --- [restartedMain] o.s.b.d.a.OptionalLiveReloadServer       : LiveReload server is running on port 35729
2021-04-29 21:59:33.360  INFO 25296 --- [restartedMain] o.s.b.a.w.s.WelcomePageHandlerMapping    : Adding welcome page template: index
2021-04-29 21:59:33.435  INFO 25296 --- [restartedMain] o.s.s.c.ThreadPoolTaskScheduler          : Initializing ExecutorService 'taskScheduler'
2021-04-29 21:59:33.647  INFO 25296 --- [restartedMain] d.s.w.p.DocumentationPluginsBootstrapper : Context refreshed
2021-04-29 21:59:33.666  INFO 25296 --- [restartedMain] d.s.w.p.DocumentationPluginsBootstrapper : Found 1 custom documentation plugin(s)
2021-04-29 21:59:33.707  INFO 25296 --- [restartedMain] s.d.s.w.s.ApiListingReferenceScanner     : Scanning for api listing references
2021-04-29 21:59:33.857  INFO 25296 --- [restartedMain] .d.s.w.r.o.CachingOperationNameGenerator : Generating unique operation named: insertUsingPOST_1
2021-04-29 21:59:33.866  INFO 25296 --- [restartedMain] .d.s.w.r.o.CachingOperationNameGenerator : Generating unique operation named: commentListUsingGET_1
2021-04-29 21:59:33.873  INFO 25296 --- [restartedMain] .d.s.w.r.o.CachingOperationNameGenerator : Generating unique operation named: insertUsingPOST_2
2021-04-29 21:59:33.880  INFO 25296 --- [restartedMain] .d.s.w.r.o.CachingOperationNameGenerator : Generating unique operation named: commentListUsingGET_2
2021-04-29 21:59:33.900  INFO 25296 --- [scheduling-1] xyz.hshuai.forum.schedule.HotTagTasks    : hotTagSchedule start Thu Apr 29 21:59:33 CST 2021
2021-04-29 21:59:33.930  INFO 25296 --- [restartedMain] o.s.b.w.embedded.tomcat.TomcatWebServer  : Tomcat started on port(s): 80 (http) with context path ''
2021-04-29 21:59:33.934  INFO 25296 --- [restartedMain] xyz.hshuai.forum.CommunityApplication    : Started CommunityApplication in 4.578 seconds (JVM running for 5.772)
2021-04-29 21:59:33.938  WARN 25296 --- [scheduling-1] com.zaxxer.hikari.HikariConfig           : HikariPool-1 - idleTimeout is close to or more than maxLifetime, disabling it.
2021-04-29 21:59:33.938  INFO 25296 --- [scheduling-1] com.zaxxer.hikari.HikariDataSource       : HikariPool-1 - Starting...
2021-04-29 21:59:34.325  INFO 25296 --- [scheduling-1] com.zaxxer.hikari.HikariDataSource       : HikariPool-1 - Start completed.
2021-04-29 21:59:34.397  INFO 25296 --- [scheduling-1] xyz.hshuai.forum.schedule.HotTagTasks    : hotTagSchedule stop Thu Apr 29 21:59:34 CST 2021
2021-04-29 21:59:34.397  INFO 25296 --- [scheduling-1] x.hshuai.forum.schedule.LoginUserTasks   : loginUserSchedule start Thu Apr 29 21:59:34 CST 2021
2021-04-29 21:59:34.424  INFO 25296 --- [scheduling-1] x.hshuai.forum.schedule.LoginUserTasks   : loginUserSchedule stop Thu Apr 29 21:59:34 CST 2021
2021-04-29 21:59:43.981  INFO 25296 --- [http-nio-80-exec-1] o.a.c.c.C.[Tomcat].[localhost].[/]       : Initializing Spring DispatcherServlet 'dispatcherServlet'
2021-04-29 21:59:43.982  INFO 25296 --- [http-nio-80-exec-1] o.s.web.servlet.DispatcherServlet        : Initializing Servlet 'dispatcherServlet'
2021-04-29 21:59:43.994  INFO 25296 --- [http-nio-80-exec-1] o.s.web.servlet.DispatcherServlet        : Completed initialization in 12 ms
2021-04-29 22:08:00.002  INFO 25296 --- [scheduling-1] x.hshuai.forum.schedule.NewsUpdateTasks  : updateYuleNewsSchedule start Thu Apr 29 22:08:00 CST 2021
2021-04-29 22:08:00.696  INFO 25296 --- [scheduling-1] x.hshuai.forum.schedule.NewsUpdateTasks  : updateYuleNewsSchedule stop Thu Apr 29 22:08:00 CST 2021
2021-04-29 22:09:33.907  INFO 25296 --- [scheduling-1] x.hshuai.forum.schedule.LoginUserTasks   : loginUserSchedule start Thu Apr 29 22:09:33 CST 2021
2021-04-29 22:09:33.953  INFO 25296 --- [scheduling-1] x.hshuai.forum.schedule.LoginUserTasks   : loginUserSchedule stop Thu Apr 29 22:09:33 CST 2021
2021-04-29 22:19:33.915  INFO 25296 --- [scheduling-1] x.hshuai.forum.schedule.LoginUserTasks   : loginUserSchedule start Thu Apr 29 22:19:33 CST 2021
2021-04-29 22:19:33.965  INFO 25296 --- [scheduling-1] x.hshuai.forum.schedule.LoginUserTasks   : loginUserSchedule stop Thu Apr 29 22:19:33 CST 2021
2021-04-29 22:30:51.709  INFO 7088 --- [restartedMain] xyz.hshuai.forum.CommunityApplication    : Starting CommunityApplication on Zhsaptop with PID 7088 (started by Lenovo in D:\AZHS\毕设\HSchool\HS-community)
2021-04-29 22:30:51.712  INFO 7088 --- [restartedMain] xyz.hshuai.forum.CommunityApplication    : No active profile set, falling back to default profiles: default
2021-04-29 22:30:51.957  INFO 7088 --- [restartedMain] .e.DevToolsPropertyDefaultsPostProcessor : Devtools property defaults active! Set 'spring.devtools.add-properties' to 'false' to disable
2021-04-29 22:30:51.957  INFO 7088 --- [restartedMain] .e.DevToolsPropertyDefaultsPostProcessor : For additional web related logging consider setting the 'logging.level.web' property to 'DEBUG'
2021-04-29 22:30:54.667  INFO 7088 --- [restartedMain] trationDelegate$BeanPostProcessorChecker : Bean 'org.springframework.transaction.annotation.ProxyTransactionManagementConfiguration' of type [org.springframework.transaction.annotation.ProxyTransactionManagementConfiguration$$EnhancerBySpringCGLIB$$675713b2] is not eligible for getting processed by all BeanPostProcessors (for example: not eligible for auto-proxying)
2021-04-29 22:30:55.286  INFO 7088 --- [restartedMain] o.s.b.w.embedded.tomcat.TomcatWebServer  : Tomcat initialized with port(s): 80 (http)
2021-04-29 22:30:55.325  INFO 7088 --- [restartedMain] o.apache.catalina.core.StandardService   : Starting service [Tomcat]
2021-04-29 22:30:55.326  INFO 7088 --- [restartedMain] org.apache.catalina.core.StandardEngine  : Starting Servlet engine: [Apache Tomcat/9.0.21]
2021-04-29 22:30:55.514  INFO 7088 --- [restartedMain] o.a.c.c.C.[Tomcat].[localhost].[/]       : Initializing Spring embedded WebApplicationContext
2021-04-29 22:30:55.515  INFO 7088 --- [restartedMain] o.s.web.context.ContextLoader            : Root WebApplicationContext: initialization completed in 3558 ms
2021-04-29 22:30:57.013  INFO 7088 --- [restartedMain] pertySourcedRequestMappingHandlerMapping : Mapped URL path [/v2/api-docs] onto method [public org.springframework.http.ResponseEntity<springfox.documentation.spring.web.json.Json> springfox.documentation.swagger2.web.Swagger2Controller.getDocumentation(java.lang.String,javax.servlet.http.HttpServletRequest)]
2021-04-29 22:30:57.180  INFO 7088 --- [restartedMain] o.s.s.concurrent.ThreadPoolTaskExecutor  : Initializing ExecutorService 'applicationTaskExecutor'
2021-04-29 22:30:57.246  INFO 7088 --- [restartedMain] o.s.b.d.a.OptionalLiveReloadServer       : LiveReload server is running on port 35729
2021-04-29 22:30:57.376  INFO 7088 --- [restartedMain] o.s.b.a.w.s.WelcomePageHandlerMapping    : Adding welcome page template: index
2021-04-29 22:30:57.571  INFO 7088 --- [restartedMain] o.s.s.c.ThreadPoolTaskScheduler          : Initializing ExecutorService 'taskScheduler'
2021-04-29 22:30:57.854  INFO 7088 --- [restartedMain] d.s.w.p.DocumentationPluginsBootstrapper : Context refreshed
2021-04-29 22:30:57.902  INFO 7088 --- [restartedMain] d.s.w.p.DocumentationPluginsBootstrapper : Found 1 custom documentation plugin(s)
2021-04-29 22:30:57.959  INFO 7088 --- [restartedMain] s.d.s.w.s.ApiListingReferenceScanner     : Scanning for api listing references
2021-04-29 22:30:58.213  INFO 7088 --- [restartedMain] .d.s.w.r.o.CachingOperationNameGenerator : Generating unique operation named: insertUsingPOST_1
2021-04-29 22:30:58.224  INFO 7088 --- [restartedMain] .d.s.w.r.o.CachingOperationNameGenerator : Generating unique operation named: commentListUsingGET_1
2021-04-29 22:30:58.241  INFO 7088 --- [restartedMain] .d.s.w.r.o.CachingOperationNameGenerator : Generating unique operation named: insertUsingPOST_2
2021-04-29 22:30:58.255  INFO 7088 --- [restartedMain] .d.s.w.r.o.CachingOperationNameGenerator : Generating unique operation named: commentListUsingGET_2
2021-04-29 22:30:58.285  INFO 7088 --- [scheduling-1] xyz.hshuai.forum.schedule.HotTagTasks    : hotTagSchedule start Thu Apr 29 22:30:58 CST 2021
2021-04-29 22:30:58.318  INFO 7088 --- [restartedMain] o.s.b.w.embedded.tomcat.TomcatWebServer  : Tomcat started on port(s): 80 (http) with context path ''
2021-04-29 22:30:58.325  INFO 7088 --- [restartedMain] xyz.hshuai.forum.CommunityApplication    : Started CommunityApplication in 7.445 seconds (JVM running for 10.125)
2021-04-29 22:30:58.333  WARN 7088 --- [scheduling-1] com.zaxxer.hikari.HikariConfig           : HikariPool-1 - idleTimeout is close to or more than maxLifetime, disabling it.
2021-04-29 22:30:58.334  INFO 7088 --- [scheduling-1] com.zaxxer.hikari.HikariDataSource       : HikariPool-1 - Starting...
2021-04-29 22:30:58.768  INFO 7088 --- [scheduling-1] com.zaxxer.hikari.HikariDataSource       : HikariPool-1 - Start completed.
2021-04-29 22:30:58.921  INFO 7088 --- [scheduling-1] xyz.hshuai.forum.schedule.HotTagTasks    : hotTagSchedule stop Thu Apr 29 22:30:58 CST 2021
2021-04-29 22:30:58.921  INFO 7088 --- [scheduling-1] x.hshuai.forum.schedule.LoginUserTasks   : loginUserSchedule start Thu Apr 29 22:30:58 CST 2021
2021-04-29 22:30:58.954  INFO 7088 --- [scheduling-1] x.hshuai.forum.schedule.LoginUserTasks   : loginUserSchedule stop Thu Apr 29 22:30:58 CST 2021
2021-04-29 22:34:29.752  INFO 7088 --- [http-nio-80-exec-2] o.a.c.c.C.[Tomcat].[localhost].[/]       : Initializing Spring DispatcherServlet 'dispatcherServlet'
2021-04-29 22:34:29.752  INFO 7088 --- [http-nio-80-exec-2] o.s.web.servlet.DispatcherServlet        : Initializing Servlet 'dispatcherServlet'
2021-04-29 22:34:29.764  INFO 7088 --- [http-nio-80-exec-2] o.s.web.servlet.DispatcherServlet        : Completed initialization in 12 ms
2021-04-29 22:34:42.293  INFO 7088 --- [Thread-14] o.s.s.c.ThreadPoolTaskScheduler          : Shutting down ExecutorService 'taskScheduler'
2021-04-29 22:34:42.306  INFO 7088 --- [Thread-14] o.s.s.concurrent.ThreadPoolTaskExecutor  : Shutting down ExecutorService 'applicationTaskExecutor'
2021-04-29 22:34:42.310  INFO 7088 --- [Thread-14] com.zaxxer.hikari.HikariDataSource       : HikariPool-1 - Shutdown initiated...
2021-04-29 22:34:42.316  INFO 7088 --- [Thread-14] com.zaxxer.hikari.HikariDataSource       : HikariPool-1 - Shutdown completed.
2021-04-29 22:35:06.120  INFO 20880 --- [restartedMain] xyz.hshuai.forum.CommunityApplication    : Starting CommunityApplication on Zhsaptop with PID 20880 (started by Lenovo in D:\AZHS\毕设\HSchool\HS-community)
2021-04-29 22:35:06.123  INFO 20880 --- [restartedMain] xyz.hshuai.forum.CommunityApplication    : No active profile set, falling back to default profiles: default
2021-04-29 22:35:06.190  INFO 20880 --- [restartedMain] .e.DevToolsPropertyDefaultsPostProcessor : Devtools property defaults active! Set 'spring.devtools.add-properties' to 'false' to disable
2021-04-29 22:35:06.191  INFO 20880 --- [restartedMain] .e.DevToolsPropertyDefaultsPostProcessor : For additional web related logging consider setting the 'logging.level.web' property to 'DEBUG'
2021-04-29 22:35:08.087  INFO 20880 --- [restartedMain] trationDelegate$BeanPostProcessorChecker : Bean 'org.springframework.transaction.annotation.ProxyTransactionManagementConfiguration' of type [org.springframework.transaction.annotation.ProxyTransactionManagementConfiguration$$EnhancerBySpringCGLIB$$ac6eca60] is not eligible for getting processed by all BeanPostProcessors (for example: not eligible for auto-proxying)
2021-04-29 22:35:08.548  INFO 20880 --- [restartedMain] o.s.b.w.embedded.tomcat.TomcatWebServer  : Tomcat initialized with port(s): 80 (http)
2021-04-29 22:35:08.571  INFO 20880 --- [restartedMain] o.apache.catalina.core.StandardService   : Starting service [Tomcat]
2021-04-29 22:35:08.572  INFO 20880 --- [restartedMain] org.apache.catalina.core.StandardEngine  : Starting Servlet engine: [Apache Tomcat/9.0.21]
2021-04-29 22:35:08.698  INFO 20880 --- [restartedMain] o.a.c.c.C.[Tomcat].[localhost].[/]       : Initializing Spring embedded WebApplicationContext
2021-04-29 22:35:08.698  INFO 20880 --- [restartedMain] o.s.web.context.ContextLoader            : Root WebApplicationContext: initialization completed in 2507 ms
2021-04-29 22:35:10.067  INFO 20880 --- [restartedMain] pertySourcedRequestMappingHandlerMapping : Mapped URL path [/v2/api-docs] onto method [public org.springframework.http.ResponseEntity<springfox.documentation.spring.web.json.Json> springfox.documentation.swagger2.web.Swagger2Controller.getDocumentation(java.lang.String,javax.servlet.http.HttpServletRequest)]
2021-04-29 22:35:10.228  INFO 20880 --- [restartedMain] o.s.s.concurrent.ThreadPoolTaskExecutor  : Initializing ExecutorService 'applicationTaskExecutor'
2021-04-29 22:35:10.301  INFO 20880 --- [restartedMain] o.s.b.d.a.OptionalLiveReloadServer       : LiveReload server is running on port 35729
2021-04-29 22:35:10.427  INFO 20880 --- [restartedMain] o.s.b.a.w.s.WelcomePageHandlerMapping    : Adding welcome page template: index
2021-04-29 22:35:10.516  INFO 20880 --- [restartedMain] o.s.s.c.ThreadPoolTaskScheduler          : Initializing ExecutorService 'taskScheduler'
2021-04-29 22:35:10.764  INFO 20880 --- [restartedMain] d.s.w.p.DocumentationPluginsBootstrapper : Context refreshed
2021-04-29 22:35:10.784  INFO 20880 --- [restartedMain] d.s.w.p.DocumentationPluginsBootstrapper : Found 1 custom documentation plugin(s)
2021-04-29 22:35:10.843  INFO 20880 --- [restartedMain] s.d.s.w.s.ApiListingReferenceScanner     : Scanning for api listing references
2021-04-29 22:35:11.202  INFO 20880 --- [restartedMain] .d.s.w.r.o.CachingOperationNameGenerator : Generating unique operation named: insertUsingPOST_1
2021-04-29 22:35:11.213  INFO 20880 --- [restartedMain] .d.s.w.r.o.CachingOperationNameGenerator : Generating unique operation named: commentListUsingGET_1
2021-04-29 22:35:11.224  INFO 20880 --- [restartedMain] .d.s.w.r.o.CachingOperationNameGenerator : Generating unique operation named: insertUsingPOST_2
2021-04-29 22:35:11.235  INFO 20880 --- [restartedMain] .d.s.w.r.o.CachingOperationNameGenerator : Generating unique operation named: commentListUsingGET_2
2021-04-29 22:35:11.278  INFO 20880 --- [scheduling-1] xyz.hshuai.forum.schedule.HotTagTasks    : hotTagSchedule start Thu Apr 29 22:35:11 CST 2021
2021-04-29 22:35:11.318  INFO 20880 --- [restartedMain] o.s.b.w.embedded.tomcat.TomcatWebServer  : Tomcat started on port(s): 80 (http) with context path ''
2021-04-29 22:35:11.323  INFO 20880 --- [restartedMain] xyz.hshuai.forum.CommunityApplication    : Started CommunityApplication in 5.789 seconds (JVM running for 7.489)
2021-04-29 22:35:11.331  WARN 20880 --- [scheduling-1] com.zaxxer.hikari.HikariConfig           : HikariPool-1 - idleTimeout is close to or more than maxLifetime, disabling it.
2021-04-29 22:35:11.332  INFO 20880 --- [scheduling-1] com.zaxxer.hikari.HikariDataSource       : HikariPool-1 - Starting...
2021-04-29 22:35:11.391  INFO 20880 --- [http-nio-80-exec-1] o.a.c.c.C.[Tomcat].[localhost].[/]       : Initializing Spring DispatcherServlet 'dispatcherServlet'
2021-04-29 22:35:11.392  INFO 20880 --- [http-nio-80-exec-1] o.s.web.servlet.DispatcherServlet        : Initializing Servlet 'dispatcherServlet'
2021-04-29 22:35:11.400  INFO 20880 --- [http-nio-80-exec-1] o.s.web.servlet.DispatcherServlet        : Completed initialization in 8 ms
2021-04-29 22:35:11.740  INFO 20880 --- [scheduling-1] com.zaxxer.hikari.HikariDataSource       : HikariPool-1 - Start completed.
2021-04-29 22:35:11.849  INFO 20880 --- [scheduling-1] xyz.hshuai.forum.schedule.HotTagTasks    : hotTagSchedule stop Thu Apr 29 22:35:11 CST 2021
2021-04-29 22:35:11.849  INFO 20880 --- [scheduling-1] x.hshuai.forum.schedule.LoginUserTasks   : loginUserSchedule start Thu Apr 29 22:35:11 CST 2021
2021-04-29 22:35:11.893  INFO 20880 --- [scheduling-1] x.hshuai.forum.schedule.LoginUserTasks   : loginUserSchedule stop Thu Apr 29 22:35:11 CST 2021
2021-04-29 22:37:33.670  INFO 1732 --- [restartedMain] xyz.hshuai.forum.CommunityApplication    : Starting CommunityApplication on Zhsaptop with PID 1732 (started by Lenovo in D:\AZHS\毕设\HSchool\HS-community)
2021-04-29 22:37:33.673  INFO 1732 --- [restartedMain] xyz.hshuai.forum.CommunityApplication    : No active profile set, falling back to default profiles: default
2021-04-29 22:37:33.723  INFO 1732 --- [restartedMain] .e.DevToolsPropertyDefaultsPostProcessor : Devtools property defaults active! Set 'spring.devtools.add-properties' to 'false' to disable
2021-04-29 22:37:33.723  INFO 1732 --- [restartedMain] .e.DevToolsPropertyDefaultsPostProcessor : For additional web related logging consider setting the 'logging.level.web' property to 'DEBUG'
2021-04-29 22:37:35.660  INFO 1732 --- [restartedMain] trationDelegate$BeanPostProcessorChecker : Bean 'org.springframework.transaction.annotation.ProxyTransactionManagementConfiguration' of type [org.springframework.transaction.annotation.ProxyTransactionManagementConfiguration$$EnhancerBySpringCGLIB$$b1a562bf] is not eligible for getting processed by all BeanPostProcessors (for example: not eligible for auto-proxying)
2021-04-29 22:37:36.158  INFO 1732 --- [restartedMain] o.s.b.w.embedded.tomcat.TomcatWebServer  : Tomcat initialized with port(s): 80 (http)
2021-04-29 22:37:36.182  INFO 1732 --- [restartedMain] o.apache.catalina.core.StandardService   : Starting service [Tomcat]
2021-04-29 22:37:36.182  INFO 1732 --- [restartedMain] org.apache.catalina.core.StandardEngine  : Starting Servlet engine: [Apache Tomcat/9.0.21]
2021-04-29 22:37:36.327  INFO 1732 --- [restartedMain] o.a.c.c.C.[Tomcat].[localhost].[/]       : Initializing Spring embedded WebApplicationContext
2021-04-29 22:37:36.327  INFO 1732 --- [restartedMain] o.s.web.context.ContextLoader            : Root WebApplicationContext: initialization completed in 2604 ms
2021-04-29 22:37:37.638  INFO 1732 --- [restartedMain] pertySourcedRequestMappingHandlerMapping : Mapped URL path [/v2/api-docs] onto method [public org.springframework.http.ResponseEntity<springfox.documentation.spring.web.json.Json> springfox.documentation.swagger2.web.Swagger2Controller.getDocumentation(java.lang.String,javax.servlet.http.HttpServletRequest)]
2021-04-29 22:37:37.765  INFO 1732 --- [restartedMain] o.s.s.concurrent.ThreadPoolTaskExecutor  : Initializing ExecutorService 'applicationTaskExecutor'
2021-04-29 22:37:37.838  INFO 1732 --- [restartedMain] o.s.b.d.a.OptionalLiveReloadServer       : LiveReload server is running on port 35729
2021-04-29 22:37:37.972  INFO 1732 --- [restartedMain] o.s.b.a.w.s.WelcomePageHandlerMapping    : Adding welcome page template: index
2021-04-29 22:37:38.060  INFO 1732 --- [restartedMain] o.s.s.c.ThreadPoolTaskScheduler          : Initializing ExecutorService 'taskScheduler'
2021-04-29 22:37:38.293  INFO 1732 --- [restartedMain] d.s.w.p.DocumentationPluginsBootstrapper : Context refreshed
2021-04-29 22:37:38.314  INFO 1732 --- [restartedMain] d.s.w.p.DocumentationPluginsBootstrapper : Found 1 custom documentation plugin(s)
2021-04-29 22:37:38.364  INFO 1732 --- [restartedMain] s.d.s.w.s.ApiListingReferenceScanner     : Scanning for api listing references
2021-04-29 22:37:38.548  INFO 1732 --- [restartedMain] .d.s.w.r.o.CachingOperationNameGenerator : Generating unique operation named: insertUsingPOST_1
2021-04-29 22:37:38.557  INFO 1732 --- [restartedMain] .d.s.w.r.o.CachingOperationNameGenerator : Generating unique operation named: commentListUsingGET_1
2021-04-29 22:37:38.567  INFO 1732 --- [restartedMain] .d.s.w.r.o.CachingOperationNameGenerator : Generating unique operation named: insertUsingPOST_2
2021-04-29 22:37:38.577  INFO 1732 --- [restartedMain] .d.s.w.r.o.CachingOperationNameGenerator : Generating unique operation named: commentListUsingGET_2
2021-04-29 22:37:38.603  INFO 1732 --- [scheduling-1] xyz.hshuai.forum.schedule.HotTagTasks    : hotTagSchedule start Thu Apr 29 22:37:38 CST 2021
2021-04-29 22:37:38.633  INFO 1732 --- [restartedMain] o.s.b.w.embedded.tomcat.TomcatWebServer  : Tomcat started on port(s): 80 (http) with context path ''
2021-04-29 22:37:38.637  INFO 1732 --- [restartedMain] xyz.hshuai.forum.CommunityApplication    : Started CommunityApplication in 5.599 seconds (JVM running for 7.778)
2021-04-29 22:37:38.643  WARN 1732 --- [scheduling-1] com.zaxxer.hikari.HikariConfig           : HikariPool-1 - idleTimeout is close to or more than maxLifetime, disabling it.
2021-04-29 22:37:38.643  INFO 1732 --- [scheduling-1] com.zaxxer.hikari.HikariDataSource       : HikariPool-1 - Starting...
2021-04-29 22:37:39.044  INFO 1732 --- [scheduling-1] com.zaxxer.hikari.HikariDataSource       : HikariPool-1 - Start completed.
2021-04-29 22:37:39.142  INFO 1732 --- [scheduling-1] xyz.hshuai.forum.schedule.HotTagTasks    : hotTagSchedule stop Thu Apr 29 22:37:39 CST 2021
2021-04-29 22:37:39.143  INFO 1732 --- [scheduling-1] x.hshuai.forum.schedule.LoginUserTasks   : loginUserSchedule start Thu Apr 29 22:37:39 CST 2021
2021-04-29 22:37:39.166  INFO 1732 --- [scheduling-1] x.hshuai.forum.schedule.LoginUserTasks   : loginUserSchedule stop Thu Apr 29 22:37:39 CST 2021
2021-04-29 22:38:06.801  INFO 1732 --- [http-nio-80-exec-1] o.a.c.c.C.[Tomcat].[localhost].[/]       : Initializing Spring DispatcherServlet 'dispatcherServlet'
2021-04-29 22:38:06.802  INFO 1732 --- [http-nio-80-exec-1] o.s.web.servlet.DispatcherServlet        : Initializing Servlet 'dispatcherServlet'
2021-04-29 22:38:06.811  INFO 1732 --- [http-nio-80-exec-1] o.s.web.servlet.DispatcherServlet        : Completed initialization in 9 ms
